#
# There is insufficient memory for the Java Runtime Environment to continue.
# Native memory allocation (malloc) failed to allocate 1037936 bytes for Chunk::new
# Possible reasons:
#   The system is out of physical RAM or swap space
#   The process is running with CompressedOops enabled, and the Java Heap may be blocking the growth of the native heap
# Possible solutions:
#   Reduce memory load on the system
#   Increase physical memory or swap space
#   Check if swap backing store is full
#   Decrease Java heap size (-Xmx/-Xms)
#   Decrease number of Java threads
#   Decrease Java thread stack sizes (-Xss)
#   Set larger code cache with -XX:ReservedCodeCacheSize=
#   JVM is running with Unscaled Compressed Oops mode in which the Java heap is
#     placed in the first 4GB address space. The Java Heap base address is the
#     maximum limit for the native heap growth. Please use -XX:HeapBaseMinAddress
#     to set the Java Heap base and to place the Java Heap above 4GB virtual address.
# This output file may be truncated or incomplete.
#
#  Out of Memory Error (arena.cpp:191), pid=9796, tid=8408
#
# JRE version: OpenJDK Runtime Environment (17.0.9) (build 17.0.9+0--11185874)
# Java VM: OpenJDK 64-Bit Server VM (17.0.9+0--11185874, mixed mode, tiered, compressed oops, compressed class ptrs, g1 gc, windows-amd64)
# No core dump will be written. Minidumps are not enabled by default on client versions of Windows
#

---------------  S U M M A R Y ------------

Command Line: --add-opens=java.base/java.util=ALL-UNNAMED --add-opens=java.base/java.lang=ALL-UNNAMED --add-opens=java.base/java.lang.invoke=ALL-UNNAMED --add-opens=java.prefs/java.util.prefs=ALL-UNNAMED --add-opens=java.base/java.nio.charset=ALL-UNNAMED --add-opens=java.base/java.net=ALL-UNNAMED --add-opens=java.base/java.util.concurrent.atomic=ALL-UNNAMED -Xmx2048m -Dfile.encoding=UTF-8 -Duser.country=US -Duser.language=en -Duser.variant -javaagent:C:\Users\laptop hp\.gradle\wrapper\dists\gradle-8.6-bin\afr5mpiioh2wthjmwnkmdsd5w\gradle-8.6\lib\agents\gradle-instrumentation-agent-8.6.jar org.gradle.launcher.daemon.bootstrap.GradleDaemon 8.6

Host: 11th Gen Intel(R) Core(TM) i7-1165G7 @ 2.80GHz, 8 cores, 7G,  Windows 10 , 64 bit Build 19041 (10.0.19041.4597)
Time: Tue Jul 16 23:03:48 2024 SE Asia Standard Time elapsed time: 11.791769 seconds (0d 0h 0m 11s)

---------------  T H R E A D  ---------------

Current thread (0x0000013707d6e250):  JavaThread "C2 CompilerThread0" daemon [_thread_in_native, id=8408, stack(0x00000034aec00000,0x00000034aed00000)]


Current CompileTask:
C2:  11791 2908       4       java.lang.invoke.MethodType::makeImpl (109 bytes)

Stack: [0x00000034aec00000,0x00000034aed00000]
Native frames: (J=compiled Java code, j=interpreted, Vv=VM code, C=native code)
V  [jvm.dll+0x6886e9]
V  [jvm.dll+0x841e4a]
V  [jvm.dll+0x843a8e]
V  [jvm.dll+0x8440f3]
V  [jvm.dll+0x24c14f]
V  [jvm.dll+0xac44c]
V  [jvm.dll+0xaca9c]
V  [jvm.dll+0x36c1a2]
V  [jvm.dll+0x1be4b6]
V  [jvm.dll+0x21df09]
V  [jvm.dll+0x21d1d1]
V  [jvm.dll+0x1a674d]
V  [jvm.dll+0x22d088]
V  [jvm.dll+0x22b1c0]
V  [jvm.dll+0x7f62f7]
V  [jvm.dll+0x7f06aa]
V  [jvm.dll+0x687565]
C  [ucrtbase.dll+0x21bb2]
C  [KERNEL32.DLL+0x17374]
C  [ntdll.dll+0x4cc91]


---------------  P R O C E S S  ---------------

Threads class SMR info:
_java_thread_list=0x000001370cd0e160, length=32, elements={
0x000001376bea31e0, 0x000001370c013620, 0x000001370c019390, 0x0000013707d67a10,
0x0000013707d6a3f0, 0x0000013707d6ccd0, 0x0000013707d6d5a0, 0x0000013707d6e250,
0x000001370c033010, 0x000001370c09aff0, 0x000001370c13ad00, 0x000001370c2884a0,
0x000001370d26b680, 0x000001370d13ce70, 0x000001370ce99060, 0x000001370d139330,
0x000001370ce99540, 0x000001370df93840, 0x000001370df93d20, 0x000001370ded0690,
0x000001370ded15c0, 0x000001370ded1fe0, 0x000001370decfc70, 0x000001370ded0ba0,
0x000001370ded10b0, 0x000001370ded1ad0, 0x000001370decf760, 0x000001370ded24f0,
0x000001370ded2a00, 0x000001370decf250, 0x000001370cd163d0, 0x000001370cd14f90
}

Java Threads: ( => current thread )
  0x000001376bea31e0 JavaThread "main" [_thread_blocked, id=18084, stack(0x00000034adf00000,0x00000034ae000000)]
  0x000001370c013620 JavaThread "Reference Handler" daemon [_thread_blocked, id=22216, stack(0x00000034ae600000,0x00000034ae700000)]
  0x000001370c019390 JavaThread "Finalizer" daemon [_thread_blocked, id=7356, stack(0x00000034ae700000,0x00000034ae800000)]
  0x0000013707d67a10 JavaThread "Signal Dispatcher" daemon [_thread_blocked, id=14444, stack(0x00000034ae800000,0x00000034ae900000)]
  0x0000013707d6a3f0 JavaThread "Attach Listener" daemon [_thread_blocked, id=17640, stack(0x00000034ae900000,0x00000034aea00000)]
  0x0000013707d6ccd0 JavaThread "Service Thread" daemon [_thread_blocked, id=23472, stack(0x00000034aea00000,0x00000034aeb00000)]
  0x0000013707d6d5a0 JavaThread "Monitor Deflation Thread" daemon [_thread_blocked, id=30840, stack(0x00000034aeb00000,0x00000034aec00000)]
=>0x0000013707d6e250 JavaThread "C2 CompilerThread0" daemon [_thread_in_native, id=8408, stack(0x00000034aec00000,0x00000034aed00000)]
  0x000001370c033010 JavaThread "C1 CompilerThread0" daemon [_thread_blocked, id=21740, stack(0x00000034aed00000,0x00000034aee00000)]
  0x000001370c09aff0 JavaThread "Sweeper thread" daemon [_thread_blocked, id=30284, stack(0x00000034aee00000,0x00000034aef00000)]
  0x000001370c13ad00 JavaThread "Common-Cleaner" daemon [_thread_blocked, id=13804, stack(0x00000034aef00000,0x00000034af000000)]
  0x000001370c2884a0 JavaThread "Notification Thread" daemon [_thread_blocked, id=16328, stack(0x00000034af000000,0x00000034af100000)]
  0x000001370d26b680 JavaThread "Daemon health stats" [_thread_blocked, id=11204, stack(0x00000034af600000,0x00000034af700000)]
  0x000001370d13ce70 JavaThread "Incoming local TCP Connector on port 50915" [_thread_in_native, id=8828, stack(0x00000034af700000,0x00000034af800000)]
  0x000001370ce99060 JavaThread "Daemon periodic checks" [_thread_blocked, id=27692, stack(0x00000034af800000,0x00000034af900000)]
  0x000001370d139330 JavaThread "Daemon" [_thread_blocked, id=1392, stack(0x00000034af900000,0x00000034afa00000)]
  0x000001370ce99540 JavaThread "Handler for socket connection from /127.0.0.1:50915 to /127.0.0.1:50916" [_thread_in_native, id=23784, stack(0x00000034afa00000,0x00000034afb00000)]
  0x000001370df93840 JavaThread "Cancel handler" [_thread_blocked, id=31732, stack(0x00000034afb00000,0x00000034afc00000)]
  0x000001370df93d20 JavaThread "Daemon worker" [_thread_in_vm, id=11600, stack(0x00000034afc00000,0x00000034afd00000)]
  0x000001370ded0690 JavaThread "Asynchronous log dispatcher for DefaultDaemonConnection: socket connection from /127.0.0.1:50915 to /127.0.0.1:50916" [_thread_blocked, id=21076, stack(0x00000034afd00000,0x00000034afe00000)]
  0x000001370ded15c0 JavaThread "Stdin handler" [_thread_blocked, id=13956, stack(0x00000034afe00000,0x00000034aff00000)]
  0x000001370ded1fe0 JavaThread "Daemon client event forwarder" [_thread_blocked, id=17084, stack(0x00000034aff00000,0x00000034b0000000)]
  0x000001370decfc70 JavaThread "Cache worker for journal cache (C:\Users\laptop hp\.gradle\caches\journal-1)" [_thread_blocked, id=31660, stack(0x00000034b0400000,0x00000034b0500000)]
  0x000001370ded0ba0 JavaThread "File lock request listener" [_thread_in_native, id=30828, stack(0x00000034b0500000,0x00000034b0600000)]
  0x000001370ded10b0 JavaThread "Cache worker for file hash cache (C:\Users\laptop hp\.gradle\caches\8.6\fileHashes)" [_thread_blocked, id=3736, stack(0x00000034b0600000,0x00000034b0700000)]
  0x000001370ded1ad0 JavaThread "File watcher server" daemon [_thread_in_native, id=21096, stack(0x00000034b0700000,0x00000034b0800000)]
  0x000001370decf760 JavaThread "File watcher consumer" daemon [_thread_blocked, id=19344, stack(0x00000034b0800000,0x00000034b0900000)]
  0x000001370ded24f0 JavaThread "Cache worker for checksums cache (D:\FPT\Term 8\PRM392\Projects\Group_Project\PRM392-Weather-Application\.gradle\8.6\checksums)" [_thread_blocked, id=24596, stack(0x00000034b0900000,0x00000034b0a00000)]
  0x000001370ded2a00 JavaThread "Cache worker for file hash cache (D:\FPT\Term 8\PRM392\Projects\Group_Project\PRM392-Weather-Application\.gradle\8.6\fileHashes)" [_thread_blocked, id=3092, stack(0x00000034b0a00000,0x00000034b0b00000)]
  0x000001370decf250 JavaThread "Cache worker for cache directory md-supplier (C:\Users\laptop hp\.gradle\caches\8.6\md-supplier)" [_thread_blocked, id=16028, stack(0x00000034b0b00000,0x00000034b0c00000)]
  0x000001370cd163d0 JavaThread "Cache worker for cache directory md-rule (C:\Users\laptop hp\.gradle\caches\8.6\md-rule)" [_thread_blocked, id=27924, stack(0x00000034b0c00000,0x00000034b0d00000)]
  0x000001370cd14f90 JavaThread "Cache worker for file content cache (C:\Users\laptop hp\.gradle\caches\8.6\fileContent)" [_thread_blocked, id=1620, stack(0x00000034b0d00000,0x00000034b0e00000)]

Other Threads:
  0x0000013707d53ae0 VMThread "VM Thread" [stack: 0x00000034ae500000,0x00000034ae600000] [id=24260]
  0x000001370c375cb0 WatcherThread [stack: 0x00000034af100000,0x00000034af200000] [id=29500]
  0x000001376beff460 GCTaskThread "GC Thread#0" [stack: 0x00000034ae000000,0x00000034ae100000] [id=30176]
  0x000001370ccce800 GCTaskThread "GC Thread#1" [stack: 0x00000034af300000,0x00000034af400000] [id=1352]
  0x000001370c77ae70 GCTaskThread "GC Thread#2" [stack: 0x00000034af400000,0x00000034af500000] [id=26164]
  0x000001370ca022a0 GCTaskThread "GC Thread#3" [stack: 0x00000034af500000,0x00000034af600000] [id=27304]
  0x000001370d2dbb50 GCTaskThread "GC Thread#4" [stack: 0x00000034af200000,0x00000034af300000] [id=8060]
  0x000001370deef410 GCTaskThread "GC Thread#5" [stack: 0x00000034b0000000,0x00000034b0100000] [id=25480]
  0x000001370deef6d0 GCTaskThread "GC Thread#6" [stack: 0x00000034b0100000,0x00000034b0200000] [id=27148]
  0x000001370d7505d0 GCTaskThread "GC Thread#7" [stack: 0x00000034b0200000,0x00000034b0300000] [id=13748]
  0x000001376bf11a70 ConcurrentGCThread "G1 Main Marker" [stack: 0x00000034ae100000,0x00000034ae200000] [id=21960]
  0x000001376bf123a0 ConcurrentGCThread "G1 Conc#0" [stack: 0x00000034ae200000,0x00000034ae300000] [id=27604]
  0x000001370c280940 ConcurrentGCThread "G1 Conc#1" [stack: 0x00000034b0300000,0x00000034b0400000] [id=18200]
  0x000001376bf5e3f0 ConcurrentGCThread "G1 Refine#0" [stack: 0x00000034ae300000,0x00000034ae400000] [id=23688]
  0x0000013707bac110 ConcurrentGCThread "G1 Service" [stack: 0x00000034ae400000,0x00000034ae500000] [id=31172]

Threads with active compile tasks:
C2 CompilerThread0    11856 2908       4       java.lang.invoke.MethodType::makeImpl (109 bytes)

VM state: not at safepoint (normal execution)

VM Mutex/Monitor currently owned by a thread: None

Heap address: 0x0000000080000000, size: 2048 MB, Compressed Oops mode: 32-bit

CDS archive(s) not mapped
Compressed class space mapped at: 0x0000000100000000-0x0000000140000000, reserved size: 1073741824
Narrow klass base: 0x0000000000000000, Narrow klass shift: 3, Narrow klass range: 0x140000000

GC Precious Log:
 CPUs: 8 total, 8 available
 Memory: 7957M
 Large Page Support: Disabled
 NUMA Support: Disabled
 Compressed Oops: Enabled (32-bit)
 Heap Region Size: 1M
 Heap Min Capacity: 8M
 Heap Initial Capacity: 126M
 Heap Max Capacity: 2G
 Pre-touch: Disabled
 Parallel Workers: 8
 Concurrent Workers: 2
 Concurrent Refinement Workers: 8
 Periodic GC: Disabled

Heap:
 garbage-first heap   total 75776K, used 47645K [0x0000000080000000, 0x0000000100000000)
  region size 1024K, 29 young (29696K), 4 survivors (4096K)
 Metaspace       used 33708K, committed 34112K, reserved 1114112K
  class space    used 4602K, committed 4800K, reserved 1048576K

Heap Regions: E=young(eden), S=young(survivor), O=old, HS=humongous(starts), HC=humongous(continues), CS=collection set, F=free, OA=open archive, CA=closed archive, TAMS=top-at-mark-start (previous, next)
|   0|0x0000000080000000, 0x0000000080100000, 0x0000000080100000|100%|HS|  |TAMS 0x0000000080100000, 0x0000000080000000| Complete 
|   1|0x0000000080100000, 0x0000000080200000, 0x0000000080200000|100%|HC|  |TAMS 0x0000000080200000, 0x0000000080100000| Complete 
|   2|0x0000000080200000, 0x0000000080300000, 0x0000000080300000|100%|HC|  |TAMS 0x0000000080300000, 0x0000000080200000| Complete 
|   3|0x0000000080300000, 0x0000000080400000, 0x0000000080400000|100%|HC|  |TAMS 0x0000000080400000, 0x0000000080300000| Complete 
|   4|0x0000000080400000, 0x0000000080500000, 0x0000000080500000|100%| O|  |TAMS 0x0000000080500000, 0x0000000080400000| Untracked 
|   5|0x0000000080500000, 0x0000000080600000, 0x0000000080600000|100%| O|  |TAMS 0x0000000080600000, 0x0000000080500000| Untracked 
|   6|0x0000000080600000, 0x0000000080700000, 0x0000000080700000|100%| O|  |TAMS 0x0000000080700000, 0x0000000080600000| Untracked 
|   7|0x0000000080700000, 0x0000000080800000, 0x0000000080800000|100%| O|  |TAMS 0x0000000080800000, 0x0000000080700000| Untracked 
|   8|0x0000000080800000, 0x0000000080900000, 0x0000000080900000|100%| O|  |TAMS 0x0000000080900000, 0x0000000080800000| Untracked 
|   9|0x0000000080900000, 0x0000000080a00000, 0x0000000080a00000|100%| O|  |TAMS 0x0000000080a00000, 0x0000000080900000| Untracked 
|  10|0x0000000080a00000, 0x0000000080a83600, 0x0000000080b00000| 51%| O|  |TAMS 0x0000000080a83600, 0x0000000080a00000| Untracked 
|  11|0x0000000080b00000, 0x0000000080c00000, 0x0000000080c00000|100%| O|  |TAMS 0x0000000080b00000, 0x0000000080b00000| Untracked 
|  12|0x0000000080c00000, 0x0000000080d00000, 0x0000000080d00000|100%| O|  |TAMS 0x0000000080c00000, 0x0000000080c00000| Untracked 
|  13|0x0000000080d00000, 0x0000000080e00000, 0x0000000080e00000|100%| O|  |TAMS 0x0000000080d00000, 0x0000000080d00000| Untracked 
|  14|0x0000000080e00000, 0x0000000080f00000, 0x0000000080f00000|100%| O|  |TAMS 0x0000000080e00000, 0x0000000080e00000| Untracked 
|  15|0x0000000080f00000, 0x0000000081000000, 0x0000000081000000|100%| O|  |TAMS 0x0000000080f00000, 0x0000000080f00000| Untracked 
|  16|0x0000000081000000, 0x0000000081100000, 0x0000000081100000|100%| O|  |TAMS 0x0000000081000000, 0x0000000081000000| Untracked 
|  17|0x0000000081100000, 0x0000000081200000, 0x0000000081200000|100%| O|  |TAMS 0x0000000081100000, 0x0000000081100000| Untracked 
|  18|0x0000000081200000, 0x0000000081300000, 0x0000000081300000|100%| O|  |TAMS 0x0000000081200000, 0x0000000081200000| Untracked 
|  19|0x0000000081300000, 0x000000008136c000, 0x0000000081400000| 42%| O|  |TAMS 0x0000000081300000, 0x0000000081300000| Untracked 
|  20|0x0000000081400000, 0x0000000081400000, 0x0000000081500000|  0%| F|  |TAMS 0x0000000081400000, 0x0000000081400000| Untracked 
|  21|0x0000000081500000, 0x0000000081500000, 0x0000000081600000|  0%| F|  |TAMS 0x0000000081500000, 0x0000000081500000| Untracked 
|  22|0x0000000081600000, 0x0000000081600000, 0x0000000081700000|  0%| F|  |TAMS 0x0000000081600000, 0x0000000081600000| Untracked 
|  23|0x0000000081700000, 0x0000000081700000, 0x0000000081800000|  0%| F|  |TAMS 0x0000000081700000, 0x0000000081700000| Untracked 
|  24|0x0000000081800000, 0x0000000081800000, 0x0000000081900000|  0%| F|  |TAMS 0x0000000081800000, 0x0000000081800000| Untracked 
|  25|0x0000000081900000, 0x0000000081900000, 0x0000000081a00000|  0%| F|  |TAMS 0x0000000081900000, 0x0000000081900000| Untracked 
|  26|0x0000000081a00000, 0x0000000081a00000, 0x0000000081b00000|  0%| F|  |TAMS 0x0000000081a00000, 0x0000000081a00000| Untracked 
|  27|0x0000000081b00000, 0x0000000081b00000, 0x0000000081c00000|  0%| F|  |TAMS 0x0000000081b00000, 0x0000000081b00000| Untracked 
|  28|0x0000000081c00000, 0x0000000081c00000, 0x0000000081d00000|  0%| F|  |TAMS 0x0000000081c00000, 0x0000000081c00000| Untracked 
|  29|0x0000000081d00000, 0x0000000081d00000, 0x0000000081e00000|  0%| F|  |TAMS 0x0000000081d00000, 0x0000000081d00000| Untracked 
|  30|0x0000000081e00000, 0x0000000081e00000, 0x0000000081f00000|  0%| F|  |TAMS 0x0000000081e00000, 0x0000000081e00000| Untracked 
|  31|0x0000000081f00000, 0x0000000081f00000, 0x0000000082000000|  0%| F|  |TAMS 0x0000000081f00000, 0x0000000081f00000| Untracked 
|  32|0x0000000082000000, 0x0000000082000000, 0x0000000082100000|  0%| F|  |TAMS 0x0000000082000000, 0x0000000082000000| Untracked 
|  33|0x0000000082100000, 0x0000000082100000, 0x0000000082200000|  0%| F|  |TAMS 0x0000000082100000, 0x0000000082100000| Untracked 
|  34|0x0000000082200000, 0x0000000082200000, 0x0000000082300000|  0%| F|  |TAMS 0x0000000082200000, 0x0000000082200000| Untracked 
|  35|0x0000000082300000, 0x0000000082300000, 0x0000000082400000|  0%| F|  |TAMS 0x0000000082300000, 0x0000000082300000| Untracked 
|  36|0x0000000082400000, 0x0000000082400000, 0x0000000082500000|  0%| F|  |TAMS 0x0000000082400000, 0x0000000082400000| Untracked 
|  37|0x0000000082500000, 0x0000000082500000, 0x0000000082600000|  0%| F|  |TAMS 0x0000000082500000, 0x0000000082500000| Untracked 
|  38|0x0000000082600000, 0x0000000082600000, 0x0000000082700000|  0%| F|  |TAMS 0x0000000082600000, 0x0000000082600000| Untracked 
|  39|0x0000000082700000, 0x0000000082700000, 0x0000000082800000|  0%| F|  |TAMS 0x0000000082700000, 0x0000000082700000| Untracked 
|  40|0x0000000082800000, 0x0000000082800000, 0x0000000082900000|  0%| F|  |TAMS 0x0000000082800000, 0x0000000082800000| Untracked 
|  41|0x0000000082900000, 0x0000000082997e00, 0x0000000082a00000| 59%| S|CS|TAMS 0x0000000082900000, 0x0000000082900000| Complete 
|  42|0x0000000082a00000, 0x0000000082b00000, 0x0000000082b00000|100%| S|CS|TAMS 0x0000000082a00000, 0x0000000082a00000| Complete 
|  43|0x0000000082b00000, 0x0000000082c00000, 0x0000000082c00000|100%| S|CS|TAMS 0x0000000082b00000, 0x0000000082b00000| Complete 
|  44|0x0000000082c00000, 0x0000000082d00000, 0x0000000082d00000|100%| S|CS|TAMS 0x0000000082c00000, 0x0000000082c00000| Complete 
|  45|0x0000000082d00000, 0x0000000082d00000, 0x0000000082e00000|  0%| F|  |TAMS 0x0000000082d00000, 0x0000000082d00000| Untracked 
|  46|0x0000000082e00000, 0x0000000082e00000, 0x0000000082f00000|  0%| F|  |TAMS 0x0000000082e00000, 0x0000000082e00000| Untracked 
|  47|0x0000000082f00000, 0x0000000082f00000, 0x0000000083000000|  0%| F|  |TAMS 0x0000000082f00000, 0x0000000082f00000| Untracked 
|  48|0x0000000083000000, 0x0000000083000000, 0x0000000083100000|  0%| F|  |TAMS 0x0000000083000000, 0x0000000083000000| Untracked 
|  49|0x0000000083100000, 0x0000000083169738, 0x0000000083200000| 41%| E|  |TAMS 0x0000000083100000, 0x0000000083100000| Complete 
|  50|0x0000000083200000, 0x0000000083300000, 0x0000000083300000|100%| E|CS|TAMS 0x0000000083200000, 0x0000000083200000| Complete 
|  51|0x0000000083300000, 0x0000000083400000, 0x0000000083400000|100%| E|CS|TAMS 0x0000000083300000, 0x0000000083300000| Complete 
|  52|0x0000000083400000, 0x0000000083500000, 0x0000000083500000|100%| E|CS|TAMS 0x0000000083400000, 0x0000000083400000| Complete 
|  53|0x0000000083500000, 0x0000000083600000, 0x0000000083600000|100%| E|CS|TAMS 0x0000000083500000, 0x0000000083500000| Complete 
|  54|0x0000000083600000, 0x0000000083700000, 0x0000000083700000|100%| E|CS|TAMS 0x0000000083600000, 0x0000000083600000| Complete 
|  55|0x0000000083700000, 0x0000000083800000, 0x0000000083800000|100%| E|CS|TAMS 0x0000000083700000, 0x0000000083700000| Complete 
|  56|0x0000000083800000, 0x0000000083900000, 0x0000000083900000|100%| E|CS|TAMS 0x0000000083800000, 0x0000000083800000| Complete 
|  57|0x0000000083900000, 0x0000000083a00000, 0x0000000083a00000|100%| E|CS|TAMS 0x0000000083900000, 0x0000000083900000| Complete 
|  58|0x0000000083a00000, 0x0000000083b00000, 0x0000000083b00000|100%| E|CS|TAMS 0x0000000083a00000, 0x0000000083a00000| Complete 
|  59|0x0000000083b00000, 0x0000000083c00000, 0x0000000083c00000|100%| E|CS|TAMS 0x0000000083b00000, 0x0000000083b00000| Complete 
|  60|0x0000000083c00000, 0x0000000083d00000, 0x0000000083d00000|100%| E|CS|TAMS 0x0000000083c00000, 0x0000000083c00000| Complete 
|  61|0x0000000083d00000, 0x0000000083e00000, 0x0000000083e00000|100%| E|CS|TAMS 0x0000000083d00000, 0x0000000083d00000| Complete 
|  62|0x0000000083e00000, 0x0000000083f00000, 0x0000000083f00000|100%| E|CS|TAMS 0x0000000083e00000, 0x0000000083e00000| Complete 
|  64|0x0000000084000000, 0x0000000084100000, 0x0000000084100000|100%| E|CS|TAMS 0x0000000084000000, 0x0000000084000000| Complete 
|  65|0x0000000084100000, 0x0000000084200000, 0x0000000084200000|100%| E|CS|TAMS 0x0000000084100000, 0x0000000084100000| Complete 
|  66|0x0000000084200000, 0x0000000084300000, 0x0000000084300000|100%| E|CS|TAMS 0x0000000084200000, 0x0000000084200000| Complete 
|  67|0x0000000084300000, 0x0000000084400000, 0x0000000084400000|100%| E|CS|TAMS 0x0000000084300000, 0x0000000084300000| Complete 
|  68|0x0000000084400000, 0x0000000084500000, 0x0000000084500000|100%| E|CS|TAMS 0x0000000084400000, 0x0000000084400000| Complete 
|  69|0x0000000084500000, 0x0000000084600000, 0x0000000084600000|100%| E|CS|TAMS 0x0000000084500000, 0x0000000084500000| Complete 
|  70|0x0000000084600000, 0x0000000084700000, 0x0000000084700000|100%| E|CS|TAMS 0x0000000084600000, 0x0000000084600000| Complete 
|  71|0x0000000084700000, 0x0000000084800000, 0x0000000084800000|100%| E|CS|TAMS 0x0000000084700000, 0x0000000084700000| Complete 
|  72|0x0000000084800000, 0x0000000084900000, 0x0000000084900000|100%| E|CS|TAMS 0x0000000084800000, 0x0000000084800000| Complete 
| 124|0x0000000087c00000, 0x0000000087d00000, 0x0000000087d00000|100%| E|CS|TAMS 0x0000000087c00000, 0x0000000087c00000| Complete 
| 125|0x0000000087d00000, 0x0000000087e00000, 0x0000000087e00000|100%| E|CS|TAMS 0x0000000087d00000, 0x0000000087d00000| Complete 

Card table byte_map: [0x0000013700a60000,0x0000013700e60000] _byte_map_base: 0x0000013700660000

Marking Bits (Prev, Next): (CMBitMap*) 0x000001376bf009e0, (CMBitMap*) 0x000001376bf009a0
 Prev Bits: [0x0000013703260000, 0x0000013705260000)
 Next Bits: [0x0000013701260000, 0x0000013703260000)

Polling page: 0x000001376bf60000

Metaspace:

Usage:
  Non-class:     28.42 MB used.
      Class:      4.49 MB used.
       Both:     32.92 MB used.

Virtual space:
  Non-class space:       64.00 MB reserved,      28.62 MB ( 45%) committed,  1 nodes.
      Class space:        1.00 GB reserved,       4.69 MB ( <1%) committed,  1 nodes.
             Both:        1.06 GB reserved,      33.31 MB (  3%) committed. 

Chunk freelists:
   Non-Class:  3.34 MB
       Class:  11.30 MB
        Both:  14.64 MB

MaxMetaspaceSize: unlimited
CompressedClassSpaceSize: 1.00 GB
Initial GC threshold: 21.00 MB
Current GC threshold: 35.31 MB
CDS: off
MetaspaceReclaimPolicy: balanced
 - commit_granule_bytes: 65536.
 - commit_granule_words: 8192.
 - virtual_space_node_default_size: 8388608.
 - enlarge_chunks_in_place: 1.
 - new_chunks_are_fully_committed: 0.
 - uncommit_free_chunks: 1.
 - use_allocation_guard: 0.
 - handle_deallocations: 1.


Internal statistics:

num_allocs_failed_limit: 3.
num_arena_births: 252.
num_arena_deaths: 0.
num_vsnodes_births: 2.
num_vsnodes_deaths: 0.
num_space_committed: 533.
num_space_uncommitted: 0.
num_chunks_returned_to_freelist: 3.
num_chunks_taken_from_freelist: 1190.
num_chunk_merges: 3.
num_chunk_splits: 773.
num_chunks_enlarged: 551.
num_inconsistent_stats: 0.

CodeHeap 'non-profiled nmethods': size=120000Kb used=1500Kb max_used=1500Kb free=118499Kb
 bounds [0x0000013778650000, 0x00000137788c0000, 0x000001377fb80000]
CodeHeap 'profiled nmethods': size=120000Kb used=6236Kb max_used=6236Kb free=113763Kb
 bounds [0x0000013770b80000, 0x00000137711a0000, 0x00000137780b0000]
CodeHeap 'non-nmethods': size=5760Kb used=1248Kb max_used=1289Kb free=4511Kb
 bounds [0x00000137780b0000, 0x0000013778320000, 0x0000013778650000]
 total_blobs=3472 nmethods=2922 adapters=462
 compilation: enabled
              stopped_count=0, restarted_count=0
 full_count=0

Compilation events (20 events):
Event: 11.726 Thread 0x000001370c033010 2922       3       jdk.internal.org.objectweb.asm.ClassReader::readConst (276 bytes)
Event: 11.730 Thread 0x000001370c033010 nmethod 2922 0x0000013771189a90 code [0x0000013771189f20, 0x000001377118bc78]
Event: 11.730 Thread 0x000001370c033010 2923       3       jdk.internal.org.objectweb.asm.Type::getObjectType (31 bytes)
Event: 11.731 Thread 0x000001370c033010 nmethod 2923 0x000001377118c690 code [0x000001377118c8c0, 0x000001377118d0f8]
Event: 11.731 Thread 0x000001370c033010 2924       3       jdk.internal.org.objectweb.asm.Type::getClassName (172 bytes)
Event: 11.733 Thread 0x000001370c033010 nmethod 2924 0x000001377118d490 code [0x000001377118d820, 0x000001377118eca8]
Event: 11.735 Thread 0x000001370c033010 2925       3       java.lang.invoke.MethodHandles$Lookup::getDirectConstructorCommon (69 bytes)
Event: 11.737 Thread 0x000001370c033010 nmethod 2925 0x000001377118f390 code [0x000001377118f600, 0x0000013771190118]
Event: 11.737 Thread 0x000001370c033010 2926       3       java.lang.invoke.MemberName::asConstructor (58 bytes)
Event: 11.738 Thread 0x000001370c033010 nmethod 2926 0x0000013771190490 code [0x00000137711906a0, 0x0000013771190c88]
Event: 11.738 Thread 0x000001370c033010 2927       3       java.lang.Module::canRead (86 bytes)
Event: 11.741 Thread 0x000001370c033010 nmethod 2927 0x0000013771190e90 code [0x0000013771191240, 0x0000013771192d08]
Event: 11.758 Thread 0x000001370c033010 2928       3       com.google.common.collect.ImmutableSet$RegularSetBuilderImpl::insertInHashTable (125 bytes)
Event: 11.760 Thread 0x000001370c033010 nmethod 2928 0x0000013771193390 code [0x0000013771193600, 0x0000013771193fb8]
Event: 11.772 Thread 0x000001370c033010 2929       3       jdk.internal.reflect.Reflection::isCallerSensitive (24 bytes)
Event: 11.775 Thread 0x000001370c033010 nmethod 2929 0x0000013771194390 code [0x00000137711946c0, 0x0000013771195c18]
Event: 11.775 Thread 0x000001370c033010 2930       3       jdk.internal.reflect.NativeMethodAccessorImpl::<init> (10 bytes)
Event: 11.775 Thread 0x000001370c033010 nmethod 2930 0x0000013771196290 code [0x0000013771196440, 0x00000137711966b8]
Event: 11.775 Thread 0x000001370c033010 2931       3       jdk.internal.reflect.DelegatingMethodAccessorImpl::<init> (10 bytes)
Event: 11.775 Thread 0x000001370c033010 nmethod 2931 0x0000013771196790 code [0x0000013771196940, 0x0000013771196bf8]

GC Heap History (10 events):
Event: 1.704 GC heap before
{Heap before GC invocations=0 (full 0):
 garbage-first heap   total 129024K, used 26624K [0x0000000080000000, 0x0000000100000000)
  region size 1024K, 23 young (23552K), 0 survivors (0K)
 Metaspace       used 10446K, committed 10560K, reserved 1114112K
  class space    used 1079K, committed 1152K, reserved 1048576K
}
Event: 1.730 GC heap after
{Heap after GC invocations=1 (full 0):
 garbage-first heap   total 129024K, used 10465K [0x0000000080000000, 0x0000000100000000)
  region size 1024K, 3 young (3072K), 3 survivors (3072K)
 Metaspace       used 10446K, committed 10560K, reserved 1114112K
  class space    used 1079K, committed 1152K, reserved 1048576K
}
Event: 2.889 GC heap before
{Heap before GC invocations=1 (full 0):
 garbage-first heap   total 129024K, used 38113K [0x0000000080000000, 0x0000000100000000)
  region size 1024K, 30 young (30720K), 3 survivors (3072K)
 Metaspace       used 11484K, committed 11648K, reserved 1114112K
  class space    used 1196K, committed 1280K, reserved 1048576K
}
Event: 2.897 GC heap after
{Heap after GC invocations=2 (full 0):
 garbage-first heap   total 129024K, used 11576K [0x0000000080000000, 0x0000000100000000)
  region size 1024K, 1 young (1024K), 1 survivors (1024K)
 Metaspace       used 11484K, committed 11648K, reserved 1114112K
  class space    used 1196K, committed 1280K, reserved 1048576K
}
Event: 6.084 GC heap before
{Heap before GC invocations=2 (full 0):
 garbage-first heap   total 129024K, used 64824K [0x0000000080000000, 0x0000000100000000)
  region size 1024K, 53 young (54272K), 1 survivors (1024K)
 Metaspace       used 21254K, committed 21504K, reserved 1114112K
  class space    used 2497K, committed 2624K, reserved 1048576K
}
Event: 6.121 GC heap after
{Heap after GC invocations=3 (full 0):
 garbage-first heap   total 129024K, used 19061K [0x0000000080000000, 0x0000000100000000)
  region size 1024K, 9 young (9216K), 9 survivors (9216K)
 Metaspace       used 21254K, committed 21504K, reserved 1114112K
  class space    used 2497K, committed 2624K, reserved 1048576K
}
Event: 8.359 GC heap before
{Heap before GC invocations=4 (full 0):
 garbage-first heap   total 75776K, used 53877K [0x0000000080000000, 0x0000000100000000)
  region size 1024K, 44 young (45056K), 9 survivors (9216K)
 Metaspace       used 26829K, committed 27136K, reserved 1114112K
  class space    used 3462K, committed 3584K, reserved 1048576K
}
Event: 8.368 GC heap after
{Heap after GC invocations=5 (full 0):
 garbage-first heap   total 75776K, used 21540K [0x0000000080000000, 0x0000000100000000)
  region size 1024K, 3 young (3072K), 3 survivors (3072K)
 Metaspace       used 26829K, committed 27136K, reserved 1114112K
  class space    used 3462K, committed 3584K, reserved 1048576K
}
Event: 10.163 GC heap before
{Heap before GC invocations=5 (full 0):
 garbage-first heap   total 75776K, used 50212K [0x0000000080000000, 0x0000000100000000)
  region size 1024K, 32 young (32768K), 3 survivors (3072K)
 Metaspace       used 30821K, committed 31104K, reserved 1114112K
  class space    used 4110K, committed 4224K, reserved 1048576K
}
Event: 10.170 GC heap after
{Heap after GC invocations=6 (full 0):
 garbage-first heap   total 75776K, used 23069K [0x0000000080000000, 0x0000000100000000)
  region size 1024K, 4 young (4096K), 4 survivors (4096K)
 Metaspace       used 30821K, committed 31104K, reserved 1114112K
  class space    used 4110K, committed 4224K, reserved 1048576K
}

Dll operation events (3 events):
Event: 0.046 Loaded shared library C:\Program Files\Android\Android Studio\jbr\bin\java.dll
Event: 0.525 Loaded shared library C:\Program Files\Android\Android Studio\jbr\bin\zip.dll
Event: 1.174 Loaded shared library C:\Program Files\Android\Android Studio\jbr\bin\verify.dll

Deoptimization events (20 events):
Event: 7.764 Thread 0x000001370df93d20 Uncommon trap: trap_request=0xffffff45 fr.pc=0x00000137786f095c relative=0x000000000000073c
Event: 7.764 Thread 0x000001370df93d20 Uncommon trap: reason=unstable_if action=reinterpret pc=0x00000137786f095c method=java.util.ArrayList.grow(I)[Ljava/lang/Object; @ 17 c2
Event: 7.764 Thread 0x000001370df93d20 DEOPT PACKING pc=0x00000137786f095c sp=0x00000034afcfd2b0
Event: 7.764 Thread 0x000001370df93d20 DEOPT UNPACKING pc=0x000001377810a1a3 sp=0x00000034afcfd148 mode 2
Event: 8.773 Thread 0x000001370df93d20 Uncommon trap: trap_request=0xffffff45 fr.pc=0x0000013778785410 relative=0x00000000000003d0
Event: 8.773 Thread 0x000001370df93d20 Uncommon trap: reason=unstable_if action=reinterpret pc=0x0000013778785410 method=java.util.HashMap.getNode(Ljava/lang/Object;)Ljava/util/HashMap$Node; @ 131 c2
Event: 8.773 Thread 0x000001370df93d20 DEOPT PACKING pc=0x0000013778785410 sp=0x00000034afcfb0c0
Event: 8.773 Thread 0x000001370df93d20 DEOPT UNPACKING pc=0x000001377810a1a3 sp=0x00000034afcfafe0 mode 2
Event: 9.802 Thread 0x000001370df93d20 Uncommon trap: trap_request=0xffffff76 fr.pc=0x00000137787b0774 relative=0x0000000000000154
Event: 9.802 Thread 0x000001370df93d20 Uncommon trap: reason=predicate action=maybe_recompile pc=0x00000137787b0774 method=com.google.common.base.CharMatcher.indexIn(Ljava/lang/CharSequence;I)I @ 19 c2
Event: 9.802 Thread 0x000001370df93d20 DEOPT PACKING pc=0x00000137787b0774 sp=0x00000034afcfa7f0
Event: 9.802 Thread 0x000001370df93d20 DEOPT UNPACKING pc=0x000001377810a1a3 sp=0x00000034afcfa780 mode 2
Event: 10.001 Thread 0x000001370df93d20 Uncommon trap: trap_request=0xffffff45 fr.pc=0x000001377872a9d8 relative=0x00000000000005b8
Event: 10.001 Thread 0x000001370df93d20 Uncommon trap: reason=unstable_if action=reinterpret pc=0x000001377872a9d8 method=java.util.Properties$LineReader.readLine()I @ 95 c2
Event: 10.001 Thread 0x000001370df93d20 DEOPT PACKING pc=0x000001377872a9d8 sp=0x00000034afcfb650
Event: 10.001 Thread 0x000001370df93d20 DEOPT UNPACKING pc=0x000001377810a1a3 sp=0x00000034afcfb600 mode 2
Event: 10.928 Thread 0x000001370df93d20 Uncommon trap: trap_request=0xffffff45 fr.pc=0x00000137786abce8 relative=0x00000000000005a8
Event: 10.928 Thread 0x000001370df93d20 Uncommon trap: reason=unstable_if action=reinterpret pc=0x00000137786abce8 method=java.util.HashMap.hash(Ljava/lang/Object;)I @ 1 c2
Event: 10.928 Thread 0x000001370df93d20 DEOPT PACKING pc=0x00000137786abce8 sp=0x00000034afcf6ab0
Event: 10.928 Thread 0x000001370df93d20 DEOPT UNPACKING pc=0x000001377810a1a3 sp=0x00000034afcf6958 mode 2

Classes unloaded (0 events):
No events

Classes redefined (0 events):
No events

Internal exceptions (20 events):
Event: 7.636 Thread 0x000001370df93d20 Exception <a 'java/lang/NoSuchMethodError'{0x00000000830eea38}: 'java.lang.Object java.lang.invoke.DirectMethodHandle$Holder.invokeInterface(java.lang.Object, java.lang.Object, java.lang.Object)'> (0x00000000830eea38) 
thrown [s\src\hotspot\share\interpreter\linkResolver.cpp, line 771]
Event: 7.636 Thread 0x000001370df93d20 Exception <a 'java/lang/IncompatibleClassChangeError'{0x00000000830f2650}: Found class java.lang.Object, but interface was expected> (0x00000000830f2650) 
thrown [s\src\hotspot\share\interpreter\linkResolver.cpp, line 838]
Event: 7.691 Thread 0x000001370df93d20 Implicit null exception at 0x000001377867aad8 to 0x000001377867ab6a
Event: 7.722 Thread 0x000001370df93d20 Exception <a 'java/lang/NoSuchMethodError'{0x0000000082ec4210}: 'int java.lang.invoke.DirectMethodHandle$Holder.invokeStatic(java.lang.Object, java.lang.Object, java.lang.Object, java.lang.Object)'> (0x0000000082ec4210) 
thrown [s\src\hotspot\share\interpreter\linkResolver.cpp, line 771]
Event: 7.722 Thread 0x000001370df93d20 Exception <a 'java/lang/NoSuchMethodError'{0x0000000082ec7e38}: 'java.lang.Object java.lang.invoke.Invokers$Holder.invokeExact_MT(java.lang.Object, java.lang.Object, java.lang.Object, java.lang.Object, java.lang.Object, java.lang.Object)'> (0x0000000082ec7e38) 
thrown [s\src\hotspot\share\interpreter\linkResolver.cpp, line 771]
Event: 7.864 Thread 0x000001370df93d20 Exception <a 'java/lang/IncompatibleClassChangeError'{0x0000000082bad020}: Found class java.lang.Object, but interface was expected> (0x0000000082bad020) 
thrown [s\src\hotspot\share\interpreter\linkResolver.cpp, line 838]
Event: 8.697 Thread 0x000001370df93d20 Exception <a 'java/lang/NoSuchMethodError'{0x00000000843de4b8}: 'java.lang.Object java.lang.invoke.DirectMethodHandle$Holder.invokeVirtual(java.lang.Object, java.lang.Object, java.lang.Object, java.lang.Object)'> (0x00000000843de4b8) 
thrown [s\src\hotspot\share\interpreter\linkResolver.cpp, line 771]
Event: 8.791 Thread 0x000001370df93d20 Exception <a 'java/lang/NoSuchMethodError'{0x0000000084128c80}: 'java.lang.Object java.lang.invoke.DirectMethodHandle$Holder.newInvokeSpecial(java.lang.Object, java.lang.Object, java.lang.Object, java.lang.Object, java.lang.Object, java.lang.Object, java.lang.Object)'> (0x0000000084128c80) 
thrown [s\src\hotspot\share\interpreter\linkResolver.cpp, line 771]
Event: 8.792 Thread 0x000001370df93d20 Exception <a 'java/lang/NoSuchMethodError'{0x000000008412d950}: 'java.lang.Object java.lang.invoke.Invokers$Holder.linkToTargetMethod(java.lang.Object, java.lang.Object, java.lang.Object, java.lang.Object, java.lang.Object, java.lang.Object, java.lang.Object)'> (0x000000008412d950) 
thrown [s\src\hotspot\share\interpreter\linkResolver.cpp, line 771]
Event: 9.892 Thread 0x000001370df93d20 Exception <a 'java/lang/NoSuchMethodError'{0x000000008311c238}: 'void java.lang.invoke.DirectMethodHandle$Holder.invokeStatic(java.lang.Object, java.lang.Object, java.lang.Object, java.lang.Object)'> (0x000000008311c238) 
thrown [s\src\hotspot\share\interpreter\linkResolver.cpp, line 771]
Event: 9.897 Thread 0x000001370df93d20 Exception <a 'java/lang/NoSuchMethodError'{0x0000000083130960}: 'int java.lang.invoke.DirectMethodHandle$Holder.invokeVirtual(java.lang.Object, java.lang.Object)'> (0x0000000083130960) 
thrown [s\src\hotspot\share\interpreter\linkResolver.cpp, line 771]
Event: 9.900 Thread 0x000001370df93d20 Exception <a 'java/lang/NoSuchMethodError'{0x0000000083143268}: 'java.lang.Object java.lang.invoke.DirectMethodHandle$Holder.invokeStaticInit(java.lang.Object, java.lang.Object, java.lang.Object)'> (0x0000000083143268) 
thrown [s\src\hotspot\share\interpreter\linkResolver.cpp, line 771]
Event: 10.428 Thread 0x000001370df93d20 Exception <a 'java/lang/NoSuchMethodError'{0x000000008451a208}: 'java.lang.Object java.lang.invoke.DirectMethodHandle$Holder.invokeSpecialIFC(java.lang.Object, java.lang.Object, java.lang.Object, java.lang.Object)'> (0x000000008451a208) 
thrown [s\src\hotspot\share\interpreter\linkResolver.cpp, line 771]
Event: 10.460 Thread 0x000001370df93d20 Exception <a 'java/lang/NoSuchMethodError'{0x000000008459bbf0}: 'java.lang.Object java.lang.invoke.DirectMethodHandle$Holder.newInvokeSpecial(java.lang.Object, java.lang.Object, java.lang.Object, java.lang.Object, java.lang.Object, java.lang.Object, java.lang.Object, java.lang.Object, java.lang.Object, java.lang.Object)'> (0x000000008459bbf0) 
thrown [s\src\hotspot\share\interpreter\linkResolver.cpp, line 771]
Event: 10.461 Thread 0x000001370df93d20 Exception <a 'java/lang/NoSuchMethodError'{0x00000000845a0ad8}: 'java.lang.Object java.lang.invoke.Invokers$Holder.linkToTargetMethod(java.lang.Object, java.lang.Object, java.lang.Object, java.lang.Object, java.lang.Object, java.lang.Object, java.lang.Object, java.lang.Object, java.lang.Object, java.lang.Object)'> (0x00000000845a0ad8) 
thrown [s\src\hotspot\share\interpreter\linkResolver.cpp, line 771]
Event: 10.479 Thread 0x000001370df93d20 Exception <a 'java/lang/NoSuchMethodError'{0x0000000084418020}: 'java.lang.Object java.lang.invoke.DirectMethodHandle$Holder.newInvokeSpecial(java.lang.Object, java.lang.Object, java.lang.Object, java.lang.Object, java.lang.Object, java.lang.Object, java.lang.Object, java.lang.Object, java.lang.Object, java.lang.Object, java.lang.Object)'> (0x0000000084418020) 
thrown [s\src\hotspot\share\interpreter\linkResolver.cpp, line 771]
Event: 10.480 Thread 0x000001370df93d20 Exception <a 'java/lang/NoSuchMethodError'{0x000000008441db58}: 'java.lang.Object java.lang.invoke.DirectMethodHandle$Holder.invokeSpecial(java.lang.Object, java.lang.Object, java.lang.Object, java.lang.Object, java.lang.Object, java.lang.Object, java.lang.Object, java.lang.Object, java.lang.Object, java.lang.Object, java.lang.Object, java.lang.Object)'> (0x000000008441db58) 
thrown [s\src\hotspot\share\interpreter\linkResolver.cpp, line 771]
Event: 10.480 Thread 0x000001370df93d20 Exception <a 'java/lang/NoSuchMethodError'{0x00000000844231f0}: 'java.lang.Object java.lang.invoke.Invokers$Holder.linkToTargetMethod(java.lang.Object, java.lang.Object, java.lang.Object, java.lang.Object, java.lang.Object, java.lang.Object, java.lang.Object, java.lang.Object, java.lang.Object, java.lang.Object, java.lang.Object)'> (0x00000000844231f0) 
thrown [s\src\hotspot\share\interpreter\linkResolver.cpp, line 771]
Event: 10.512 Thread 0x000001370df93d20 Exception <a 'java/lang/NoSuchMethodError'{0x00000000844b39b8}: 'java.lang.Object java.lang.invoke.DirectMethodHandle$Holder.invokeStaticInit(java.lang.Object, java.lang.Object, java.lang.Object, java.lang.Object)'> (0x00000000844b39b8) 
thrown [s\src\hotspot\share\interpreter\linkResolver.cpp, line 771]
Event: 10.928 Thread 0x000001370df93d20 Implicit null exception at 0x00000137786ab78c to 0x00000137786abcc8

VM Operations (20 events):
Event: 7.824 Executing VM operation: HandshakeAllThreads
Event: 7.824 Executing VM operation: HandshakeAllThreads done
Event: 7.825 Executing VM operation: HandshakeAllThreads
Event: 7.825 Executing VM operation: HandshakeAllThreads done
Event: 8.008 Executing VM operation: HandshakeAllThreads
Event: 8.008 Executing VM operation: HandshakeAllThreads done
Event: 8.359 Executing VM operation: G1CollectForAllocation
Event: 8.368 Executing VM operation: G1CollectForAllocation done
Event: 9.375 Executing VM operation: Cleanup
Event: 9.376 Executing VM operation: Cleanup done
Event: 10.004 Executing VM operation: HandshakeAllThreads
Event: 10.005 Executing VM operation: HandshakeAllThreads done
Event: 10.162 Executing VM operation: G1CollectForAllocation
Event: 10.171 Executing VM operation: G1CollectForAllocation done
Event: 10.938 Executing VM operation: HandshakeAllThreads
Event: 10.938 Executing VM operation: HandshakeAllThreads done
Event: 11.756 Executing VM operation: HandshakeAllThreads
Event: 11.756 Executing VM operation: HandshakeAllThreads done
Event: 11.756 Executing VM operation: Cleanup
Event: 11.756 Executing VM operation: Cleanup done

Events (20 events):
Event: 10.498 Thread 0x000001370ded2a00 Thread added: 0x000001370ded2a00
Event: 10.532 Thread 0x000001370decf250 Thread added: 0x000001370decf250
Event: 10.558 Thread 0x000001370cd163d0 Thread added: 0x000001370cd163d0
Event: 10.896 loading class java/lang/invoke/SerializedLambda
Event: 10.896 loading class java/lang/invoke/SerializedLambda done
Event: 10.919 loading class java/lang/reflect/AnnotatedType
Event: 10.919 loading class java/lang/reflect/AnnotatedType done
Event: 10.926 loading class sun/reflect/misc/ReflectUtil
Event: 10.928 loading class sun/reflect/misc/ReflectUtil done
Event: 10.951 loading class java/lang/Class$EnclosingMethodInfo
Event: 10.952 loading class java/lang/Class$EnclosingMethodInfo done
Event: 10.967 loading class sun/reflect/generics/tree/IntSignature
Event: 10.967 loading class sun/reflect/generics/tree/IntSignature done
Event: 10.968 loading class sun/reflect/generics/tree/ArrayTypeSignature
Event: 10.968 loading class sun/reflect/generics/tree/ArrayTypeSignature done
Event: 10.992 loading class java/lang/SafeVarargs
Event: 10.992 loading class java/lang/SafeVarargs done
Event: 11.012 loading class java/util/regex/Pattern$GroupCurly
Event: 11.012 loading class java/util/regex/Pattern$GroupCurly done
Event: 11.309 Thread 0x000001370cd14f90 Thread added: 0x000001370cd14f90


Dynamic libraries:
0x00007ff7b6b00000 - 0x00007ff7b6b0a000 	C:\Program Files\Android\Android Studio\jbr\bin\java.exe
0x00007ffb60210000 - 0x00007ffb60408000 	C:\Windows\SYSTEM32\ntdll.dll
0x00007ffb5f180000 - 0x00007ffb5f241000 	C:\Windows\System32\KERNEL32.DLL
0x00007ffb5dd30000 - 0x00007ffb5e026000 	C:\Windows\System32\KERNELBASE.dll
0x00007ffb5d960000 - 0x00007ffb5da60000 	C:\Windows\System32\ucrtbase.dll
0x00007ffa8ae10000 - 0x00007ffa8ae27000 	C:\Program Files\Android\Android Studio\jbr\bin\jli.dll
0x00007ffb5f840000 - 0x00007ffb5f9df000 	C:\Windows\System32\USER32.dll
0x00007ffb5dd00000 - 0x00007ffb5dd22000 	C:\Windows\System32\win32u.dll
0x00007ffb601a0000 - 0x00007ffb601cb000 	C:\Windows\System32\GDI32.dll
0x00007ffb5db40000 - 0x00007ffb5dc57000 	C:\Windows\System32\gdi32full.dll
0x00007ffb5d8c0000 - 0x00007ffb5d95d000 	C:\Windows\System32\msvcp_win.dll
0x00007ffa86620000 - 0x00007ffa8663b000 	C:\Program Files\Android\Android Studio\jbr\bin\VCRUNTIME140.dll
0x00007ffb3bc60000 - 0x00007ffb3befa000 	C:\Windows\WinSxS\amd64_microsoft.windows.common-controls_6595b64144ccf1df_6.0.19041.4355_none_60b8b9eb71f62e16\COMCTL32.dll
0x00007ffb5e360000 - 0x00007ffb5e3fe000 	C:\Windows\System32\msvcrt.dll
0x00007ffb5f9e0000 - 0x00007ffb5fa0f000 	C:\Windows\System32\IMM32.DLL
0x00007ffabd430000 - 0x00007ffabd43c000 	C:\Program Files\Android\Android Studio\jbr\bin\vcruntime140_1.dll
0x00007ffa74910000 - 0x00007ffa7499d000 	C:\Program Files\Android\Android Studio\jbr\bin\msvcp140.dll
0x00007ffa5a6b0000 - 0x00007ffa5b333000 	C:\Program Files\Android\Android Studio\jbr\bin\server\jvm.dll
0x00007ffb5fb50000 - 0x00007ffb5fc00000 	C:\Windows\System32\ADVAPI32.dll
0x00007ffb5f7a0000 - 0x00007ffb5f840000 	C:\Windows\System32\sechost.dll
0x00007ffb5fa20000 - 0x00007ffb5fb43000 	C:\Windows\System32\RPCRT4.dll
0x00007ffb5dcd0000 - 0x00007ffb5dcf7000 	C:\Windows\System32\bcrypt.dll
0x00007ffb5cdd0000 - 0x00007ffb5ce1b000 	C:\Windows\SYSTEM32\POWRPROF.dll
0x00007ffb3c440000 - 0x00007ffb3c449000 	C:\Windows\SYSTEM32\WSOCK32.dll
0x00007ffb5e5f0000 - 0x00007ffb5e65b000 	C:\Windows\System32\WS2_32.dll
0x00007ffb517d0000 - 0x00007ffb517da000 	C:\Windows\SYSTEM32\VERSION.dll
0x00007ffb40e50000 - 0x00007ffb40e77000 	C:\Windows\SYSTEM32\WINMM.dll
0x00007ffb5cc90000 - 0x00007ffb5cca2000 	C:\Windows\SYSTEM32\UMPDC.dll
0x00007ffb5c090000 - 0x00007ffb5c0a2000 	C:\Windows\SYSTEM32\kernel.appcore.dll
0x00007ffb3b190000 - 0x00007ffb3b19a000 	C:\Program Files\Android\Android Studio\jbr\bin\jimage.dll
0x00007ffb5bbe0000 - 0x00007ffb5bdc4000 	C:\Windows\SYSTEM32\DBGHELP.DLL
0x00007ffb3e7d0000 - 0x00007ffb3e804000 	C:\Windows\SYSTEM32\dbgcore.DLL
0x00007ffb5dab0000 - 0x00007ffb5db32000 	C:\Windows\System32\bcryptPrimitives.dll
0x00007ffb03990000 - 0x00007ffb0399e000 	C:\Program Files\Android\Android Studio\jbr\bin\instrument.dll
0x00007ffae6570000 - 0x00007ffae6595000 	C:\Program Files\Android\Android Studio\jbr\bin\java.dll
0x00007ffae6550000 - 0x00007ffae6568000 	C:\Program Files\Android\Android Studio\jbr\bin\zip.dll
0x00007ffb5e8e0000 - 0x00007ffb5f04c000 	C:\Windows\System32\SHELL32.dll
0x00007ffb5b380000 - 0x00007ffb5bb1e000 	C:\Windows\SYSTEM32\windows.storage.dll
0x00007ffb5fc00000 - 0x00007ffb5ff53000 	C:\Windows\System32\combase.dll
0x00007ffb5d2e0000 - 0x00007ffb5d30e000 	C:\Windows\SYSTEM32\Wldp.dll
0x00007ffb5f0b0000 - 0x00007ffb5f17d000 	C:\Windows\System32\OLEAUT32.dll
0x00007ffb5e2b0000 - 0x00007ffb5e35d000 	C:\Windows\System32\SHCORE.dll
0x00007ffb5e400000 - 0x00007ffb5e455000 	C:\Windows\System32\shlwapi.dll
0x00007ffb5d7f0000 - 0x00007ffb5d814000 	C:\Windows\SYSTEM32\profapi.dll
0x00007ffb2ebb0000 - 0x00007ffb2ebc9000 	C:\Program Files\Android\Android Studio\jbr\bin\net.dll
0x00007ffb56220000 - 0x00007ffb5632a000 	C:\Windows\SYSTEM32\WINHTTP.dll
0x00007ffb5d040000 - 0x00007ffb5d0aa000 	C:\Windows\system32\mswsock.dll
0x00007ffb2eb90000 - 0x00007ffb2eba6000 	C:\Program Files\Android\Android Studio\jbr\bin\nio.dll
0x00007ffb03b00000 - 0x00007ffb03b10000 	C:\Program Files\Android\Android Studio\jbr\bin\verify.dll
0x00007ffb2eb00000 - 0x00007ffb2eb27000 	C:\Users\laptop hp\.gradle\native\c067742578af261105cb4f569cf0c3c89f3d7b1fecec35dd04571415982c5e48\windows-amd64\native-platform.dll
0x00007ffa86aa0000 - 0x00007ffa86be4000 	C:\Users\laptop hp\.gradle\native\38dada09dfb8b06ba9b0570ebf7e218e3eb74d4ef43ca46872605cf95ebc2f47\windows-amd64\native-platform-file-events.dll
0x00007ffb2eb80000 - 0x00007ffb2eb89000 	C:\Program Files\Android\Android Studio\jbr\bin\management.dll
0x00007ffb2e800000 - 0x00007ffb2e80b000 	C:\Program Files\Android\Android Studio\jbr\bin\management_ext.dll
0x00007ffb5fa10000 - 0x00007ffb5fa18000 	C:\Windows\System32\PSAPI.DLL
0x00007ffb5d240000 - 0x00007ffb5d258000 	C:\Windows\SYSTEM32\CRYPTSP.dll
0x00007ffb5c8b0000 - 0x00007ffb5c8e4000 	C:\Windows\system32\rsaenh.dll
0x00007ffb5d760000 - 0x00007ffb5d78e000 	C:\Windows\SYSTEM32\USERENV.dll
0x00007ffb5d230000 - 0x00007ffb5d23c000 	C:\Windows\SYSTEM32\CRYPTBASE.dll
0x00007ffb5ccb0000 - 0x00007ffb5cceb000 	C:\Windows\SYSTEM32\IPHLPAPI.DLL
0x00007ffb5e240000 - 0x00007ffb5e248000 	C:\Windows\System32\NSI.dll
0x00007ffb518f0000 - 0x00007ffb51907000 	C:\Windows\SYSTEM32\dhcpcsvc6.DLL
0x00007ffb51e00000 - 0x00007ffb51e1d000 	C:\Windows\SYSTEM32\dhcpcsvc.DLL
0x00007ffb5ccf0000 - 0x00007ffb5cdba000 	C:\Windows\SYSTEM32\DNSAPI.dll
0x00007ffb40e80000 - 0x00007ffb40e87000 	C:\Windows\system32\wshunix.dll

dbghelp: loaded successfully - version: 4.0.5 - missing functions: none
symbol engine: initialized successfully - sym options: 0x614 - pdb path: .;C:\Program Files\Android\Android Studio\jbr\bin;C:\Windows\SYSTEM32;C:\Windows\WinSxS\amd64_microsoft.windows.common-controls_6595b64144ccf1df_6.0.19041.4355_none_60b8b9eb71f62e16;C:\Program Files\Android\Android Studio\jbr\bin\server;C:\Users\laptop hp\.gradle\native\c067742578af261105cb4f569cf0c3c89f3d7b1fecec35dd04571415982c5e48\windows-amd64;C:\Users\laptop hp\.gradle\native\38dada09dfb8b06ba9b0570ebf7e218e3eb74d4ef43ca46872605cf95ebc2f47\windows-amd64

VM Arguments:
jvm_args: --add-opens=java.base/java.util=ALL-UNNAMED --add-opens=java.base/java.lang=ALL-UNNAMED --add-opens=java.base/java.lang.invoke=ALL-UNNAMED --add-opens=java.prefs/java.util.prefs=ALL-UNNAMED --add-opens=java.base/java.nio.charset=ALL-UNNAMED --add-opens=java.base/java.net=ALL-UNNAMED --add-opens=java.base/java.util.concurrent.atomic=ALL-UNNAMED -Xmx2048m -Dfile.encoding=UTF-8 -Duser.country=US -Duser.language=en -Duser.variant -javaagent:C:\Users\laptop hp\.gradle\wrapper\dists\gradle-8.6-bin\afr5mpiioh2wthjmwnkmdsd5w\gradle-8.6\lib\agents\gradle-instrumentation-agent-8.6.jar 
java_command: org.gradle.launcher.daemon.bootstrap.GradleDaemon 8.6
java_class_path (initial): C:\Users\laptop hp\.gradle\wrapper\dists\gradle-8.6-bin\afr5mpiioh2wthjmwnkmdsd5w\gradle-8.6\lib\gradle-launcher-8.6.jar
Launcher Type: SUN_STANDARD

[Global flags]
     intx CICompilerCount                          = 4                                         {product} {ergonomic}
     uint ConcGCThreads                            = 2                                         {product} {ergonomic}
     uint G1ConcRefinementThreads                  = 8                                         {product} {ergonomic}
   size_t G1HeapRegionSize                         = 1048576                                   {product} {ergonomic}
    uintx GCDrainStackTargetSize                   = 64                                        {product} {ergonomic}
   size_t InitialHeapSize                          = 132120576                                 {product} {ergonomic}
   size_t MarkStackSize                            = 4194304                                   {product} {ergonomic}
   size_t MaxHeapSize                              = 2147483648                                {product} {command line}
   size_t MaxNewSize                               = 1287651328                                {product} {ergonomic}
   size_t MinHeapDeltaBytes                        = 1048576                                   {product} {ergonomic}
   size_t MinHeapSize                              = 8388608                                   {product} {ergonomic}
    uintx NonNMethodCodeHeapSize                   = 5839372                                {pd product} {ergonomic}
    uintx NonProfiledCodeHeapSize                  = 122909434                              {pd product} {ergonomic}
    uintx ProfiledCodeHeapSize                     = 122909434                              {pd product} {ergonomic}
    uintx ReservedCodeCacheSize                    = 251658240                              {pd product} {ergonomic}
     bool SegmentedCodeCache                       = true                                      {product} {ergonomic}
   size_t SoftMaxHeapSize                          = 2147483648                             {manageable} {ergonomic}
     bool UseCompressedClassPointers               = true                           {product lp64_product} {ergonomic}
     bool UseCompressedOops                        = true                           {product lp64_product} {ergonomic}
     bool UseG1GC                                  = true                                      {product} {ergonomic}
     bool UseLargePagesIndividualAllocation        = false                                  {pd product} {ergonomic}

Logging:
Log output configuration:
 #0: stdout all=warning uptime,level,tags
 #1: stderr all=off uptime,level,tags

Environment Variables:
PATH=C:\Program Files\MySQL\MySQL Server 8.0\bin;C:\Program Files\dotnet\;C:\Program Files\nodejs;C:\Program Files\Git\bin;C:\Program Files\Git\cmd;C:\Program Files\Microsoft SQL Server\Client SDK\ODBC\170\Tools\Binn\;C:\Program Files\Microsoft SQL Server\160\DTS\Binn\;C:\Program Files\Docker\Docker\resources\bin;C:\Program Files\Redis;C:\Program Files (x86)\Google\Cloud SDK\google-cloud-sdk\bin;C:\WINDOWS\system32;C:\Program Files\Cloudflare\Cloudflare WARP\;C:\Program Files\MySQL\MySQL Shell 8.0\bin\;C:\Users\laptop hp\AppData\Local\Programs\Python\Python311\Scripts\;C:\Users\laptop hp\AppData\Local\Programs\Python\Python311\;C:\Users\laptop hp\AppData\Local\Microsoft\WindowsApps;C:\Users\laptop hp\AppData\Local\Programs\Microsoft VS Code\bin;C:\Program Files\Azure Data Studio\bin;C:\Program Files (x86)\Dev-Cpp\MinGW64\bin;C:\Users\laptop hp\go\bin;C:\Program Files\JetBrains\IntelliJ IDEA Community Edition 2023.3.2\bin;;C:\Program Files\JetBrains\IntelliJ IDEA 2023.3.3\bin;;C:\Users\laptop hp\AppData\Local\GitHubDesktop\bin;C:\Users\laptop hp\AppData\Roaming\npm;C:\Program Files\JetBrains\GoLand 2023.3.4\bin;;C:\Program Files\MongoDB\Server\7.0\bin;C:\Users\laptop hp\Downloads\mongosh-2.2.0-win32-x64\mongosh-2.2.0-win32-x64\bin;C:\Users\laptop hp\.dotnet\tools;C:\Program Files\nodejs;;C:\Program Files\JetBrains\DataGrip 2024.1.2\bin;
USERNAME=laptop hp
OS=Windows_NT
PROCESSOR_IDENTIFIER=Intel64 Family 6 Model 140 Stepping 1, GenuineIntel
TMP=C:\Users\LAPTOP~1\AppData\Local\Temp
TEMP=C:\Users\LAPTOP~1\AppData\Local\Temp



Periodic native trim disabled

JNI global refs:
JNI global refs: 24, weak refs: 0

JNI global refs memory usage: 843, weak refs: 841

OOME stack traces (most recent first):
Classloader memory used:
Loader bootstrap                                                                       : 1926K
Loader org.gradle.internal.classloader.VisitableURLClassLoader                         : 1845K
Loader org.gradle.initialization.MixInLegacyTypesClassLoader                           : 397K
Loader jdk.internal.loader.ClassLoaders$AppClassLoader                                 : 28726B
Loader jdk.internal.loader.ClassLoaders$PlatformClassLoader                            : 14827B
Loader jdk.internal.reflect.DelegatingClassLoader                                      : 3564B

Classes loaded by more than one classloader:
Class org.gradle.internal.installation.GradleInstallation                             : loaded 2 times (x 73B)
Class org.gradle.internal.classpath.ClassPath                                         : loaded 2 times (x 68B)
Class org.gradle.api.internal.classpath.DefaultModuleRegistry                         : loaded 2 times (x 84B)
Class org.gradle.api.Action                                                           : loaded 2 times (x 68B)
Class org.gradle.api.internal.DefaultClassPathProvider                                : loaded 2 times (x 74B)
Class org.gradle.internal.installation.GradleInstallation$1                           : loaded 2 times (x 73B)
Class org.gradle.internal.classloader.FilteringClassLoader                            : loaded 2 times (x 103B)
Class org.gradle.internal.classpath.DefaultClassPath$ImmutableUniqueList$Builder      : loaded 2 times (x 73B)
Class org.gradle.internal.classloader.ClassLoaderVisitor                              : loaded 2 times (x 74B)
Class org.gradle.internal.service.DefaultServiceLocator                               : loaded 2 times (x 81B)
Class org.gradle.internal.service.UnknownServiceException                             : loaded 2 times (x 81B)
Class org.gradle.internal.classloader.DefaultClassLoaderFactory                       : loaded 2 times (x 80B)
Class org.gradle.internal.classloader.VisitableURLClassLoader$Spec                    : loaded 2 times (x 72B)
Class org.gradle.api.GradleException                                                  : loaded 2 times (x 80B)
Class org.gradle.api.internal.classpath.ModuleRegistry                                : loaded 2 times (x 68B)
Class org.gradle.api.internal.ClassPathProvider                                       : loaded 2 times (x 68B)
Class org.gradle.internal.classloader.ClasspathUtil$1                                 : loaded 2 times (x 74B)
Class org.gradle.internal.classloader.ClassLoaderFactory                              : loaded 2 times (x 68B)
Class org.gradle.api.internal.classpath.ManifestUtil                                  : loaded 2 times (x 69B)
Class org.gradle.api.specs.Spec                                                       : loaded 2 times (x 68B)
Class org.gradle.internal.IoActions                                                   : loaded 2 times (x 69B)
Class org.gradle.api.internal.classpath.EffectiveClassPath                            : loaded 2 times (x 88B)
Class org.gradle.internal.installation.CurrentGradleInstallation                      : loaded 2 times (x 71B)
Class org.gradle.internal.agents.InstrumentingClassLoader                             : loaded 2 times (x 68B)
Class org.gradle.internal.installation.CurrentGradleInstallationLocator               : loaded 2 times (x 69B)
Class org.gradle.api.internal.classpath.Module                                        : loaded 2 times (x 68B)
Class org.gradle.internal.service.CachingServiceLocator                               : loaded 2 times (x 80B)
Class org.gradle.internal.classpath.DefaultClassPath                                  : loaded 2 times (x 88B)
Class org.gradle.internal.classloader.SystemClassLoaderSpec                           : loaded 2 times (x 69B)
Class org.gradle.api.UncheckedIOException                                             : loaded 2 times (x 80B)
Class org.gradle.internal.classloader.ClasspathUtil                                   : loaded 2 times (x 69B)
Class org.gradle.api.internal.DefaultClassPathRegistry                                : loaded 2 times (x 74B)
Class org.gradle.api.internal.classpath.DefaultModuleRegistry$DefaultModule           : loaded 2 times (x 84B)
Class org.gradle.api.internal.classpath.UnknownModuleException                        : loaded 2 times (x 80B)
Class org.gradle.internal.service.ServiceLookupException                              : loaded 2 times (x 80B)
Class org.gradle.cache.GlobalCache                                                    : loaded 2 times (x 68B)
Class [Lorg.gradle.api.internal.ClassPathProvider;                                    : loaded 2 times (x 67B)
Class org.gradle.util.internal.GUtil                                                  : loaded 2 times (x 69B)
Class org.gradle.internal.classloader.ClassLoaderSpec                                 : loaded 2 times (x 69B)
Class org.gradle.internal.classloader.VisitableURLClassLoader                         : loaded 2 times (x 115B)
Class org.gradle.internal.Cast                                                        : loaded 2 times (x 69B)
Class org.gradle.api.internal.ClassPathRegistry                                       : loaded 2 times (x 68B)
Class org.gradle.internal.classloader.VisitableURLClassLoader$InstrumentingVisitableURLClassLoader: loaded 2 times (x 121B)
Class org.gradle.internal.classloader.ClassLoaderHierarchy                            : loaded 2 times (x 68B)
Class org.gradle.internal.InternalTransformer                                         : loaded 2 times (x 68B)
Class org.gradle.internal.service.ServiceLocator                                      : loaded 2 times (x 68B)
Class org.gradle.internal.classpath.DefaultClassPath$ImmutableUniqueList              : loaded 2 times (x 159B)
Class org.gradle.internal.classpath.TransformedClassPath                              : loaded 2 times (x 94B)


---------------  S Y S T E M  ---------------

OS:
 Windows 10 , 64 bit Build 19041 (10.0.19041.4597)
OS uptime: 3 days 13:22 hours
Hyper-V role detected

CPU: total 8 (initial active 8) (4 cores per cpu, 2 threads per core) family 6 model 140 stepping 1 microcode 0x86, cx8, cmov, fxsr, ht, mmx, 3dnowpref, sse, sse2, sse3, ssse3, sse4.1, sse4.2, popcnt, lzcnt, tsc, tscinvbit, avx, avx2, aes, erms, clmul, bmi1, bmi2, adx, avx512f, avx512dq, avx512cd, avx512bw, avx512vl, sha, fma, vzeroupper, avx512_vpopcntdq, avx512_vpclmulqdq, avx512_vaes, avx512_vnni, clflush, clflushopt, clwb, avx512_vbmi2, avx512_vbmi, hv
Processor Information for all 8 processors :
  Max Mhz: 2803, Current Mhz: 2803, Mhz Limit: 2803

Memory: 4k page, system-wide physical 7957M (17M free)
TotalPageFile size 32533M (AvailPageFile size 0M)
current process WorkingSet (physical memory assigned to process): 167M, peak: 180M
current process commit charge ("private bytes"): 229M, peak: 251M

vm_info: OpenJDK 64-Bit Server VM (17.0.9+0--11185874) for windows-amd64 JRE (17.0.9+0--11185874), built on Dec  6 2023 18:57:44 by "androidbuild" with MS VC++ 16.10 / 16.11 (VS2019)

END.
